<?xml version="1.0" encoding="UTF-8"?>
<testsuite name="TracebotTest" time="0.001" tests="21" errors="0" skipped="0" failures="0">
  <properties>
[...]
</properties>
  <testcase name="testTurnLeftFromNorth" classname="TracebotTest" time="0"/>
  <testcase name="testTurnLeftFromSouth" classname="TracebotTest" time="0"/>
  <testcase name="testTurnRightFromNorth" classname="TracebotTest" time="0"/>
  <testcase name="testTurnRightFromSouth" classname="TracebotTest" time="0"/>
  <testcase name="testPrintPosition" classname="TracebotTest" time="0"/>
  <testcase name="testMoveEastPenDown" classname="TracebotTest" time="0"/>
  <testcase name="testTurnRightFromEast" classname="TracebotTest" time="0"/>
  <testcase name="testTurnRightFromWest" classname="TracebotTest" time="0"/>
  <testcase name="testInitializeFloor" classname="TracebotTest" time="0"/>
  <testcase name="testMoveWestPenDown" classname="TracebotTest" time="0"/>
  <testcase name="testMoveEastPenUp" classname="TracebotTest" time="0"/>
  <testcase name="testMoveSouthPenUp" classname="TracebotTest" time="0"/>
  <testcase name="testMoveNorthPenUp" classname="TracebotTest" time="0"/>
  <testcase name="testMoveWestPenUp" classname="TracebotTest" time="0"/>
  <testcase name="testMoveNorthPenDown" classname="TracebotTest" time="0"/>
  <testcase name="testMoveSouthPenDown" classname="TracebotTest" time="0.001"/>
  <testcase name="testSetPenDown" classname="TracebotTest" time="0"/>
  <testcase name="testTurnLeftFromEast" classname="TracebotTest" time="0"/>
  <testcase name="testTurnLeftFromWest" classname="TracebotTest" time="0"/>
  <testcase name="testprintFloor" classname="TracebotTest" time="0"/>
  <testcase name="testSetPenUP" classname="TracebotTest" time="0"/>
</testsuite>